<?xml version='1.0' encoding='UTF-8'?>
<testsuites>
  <testsuite name="Test Suite" device="Medium_Phone_API_36.1" tests="1" failures="1" time="21.0">
    <testcase id="Cayenne initial accessibility evidence" name="Cayenne initial accessibility evidence" classname="Cayenne initial accessibility evidence" file="cayenne\flows\accessibility\primary-controls.yaml" time="21.0" status="ERROR">
      <properties>
        <property name="tags" value="accessibility, non-mutating"/>
      </properties>
      <failure>Assertion is false: id: nav.home is visible</failure>
    </testcase>
  </testsuite>
</testsuites>
