<?xml version='1.0' encoding='UTF-8'?>
<testsuites>
  <testsuite name="Test Suite" device="Medium_Phone_API_36.1" tests="1" failures="1" time="56.0">
    <testcase id="Cayenne secure account authentication lifecycle" name="Cayenne secure account authentication lifecycle" classname="Cayenne secure account authentication lifecycle" file="cayenne\flows\auth\cayenne-secure-auth.yaml" time="56.0" status="ERROR">
      <properties>
        <property name="tags" value="auth, qa-only, secure-evidence"/>
      </properties>
      <failure>Element not found: Id matching regex: auth.signin.button</failure>
    </testcase>
  </testsuite>
</testsuites>
